<?xml version="1.0" encoding="UTF-8"?>
<!-- Generated by org.testng.reporters.JUnitReportReporter -->
<testsuite hostname="localhost" name="org.wso2.ballerina.core.parser.BallerinaBaseListenerImplTest" tests="2" failures="0" timestamp="7 Dec 2016 09:21:15 GMT" time="0.000" errors="0">
  <testcase name="testImportParser" time="0.000" classname="org.wso2.ballerina.core.parser.BallerinaBaseListenerImplTest"/>
  <testcase name="testPackageParser" time="0.000" classname="org.wso2.ballerina.core.parser.BallerinaBaseListenerImplTest"/>
</testsuite> <!-- org.wso2.ballerina.core.parser.BallerinaBaseListenerImplTest -->
