<?xml version="1.0" encoding="UTF-8"?>
<!-- Generated by org.testng.reporters.JUnitReportReporter -->
<testsuite hostname="localhost" name="org.wso2.ballerina.core.model.WhileStmtTest" tests="1" failures="0" timestamp="7 Dec 2016 09:21:15 GMT" time="0.043" errors="0">
  <testcase name="testFuncInvokeWithInt" time="0.043" classname="org.wso2.ballerina.core.model.WhileStmtTest"/>
</testsuite> <!-- org.wso2.ballerina.core.model.WhileStmtTest -->
