<?xml version="1.0" encoding="UTF-8"?>
<!-- Generated by org.testng.reporters.JUnitReportReporter -->
<testsuite hostname="localhost" name="org.wso2.ballerina.core.model.FunctionInvocationTest" tests="2" failures="0" timestamp="7 Dec 2016 09:21:15 GMT" time="0.001" errors="0">
  <testcase name="testFuncInvokeWithInt" time="0.001" classname="org.wso2.ballerina.core.model.FunctionInvocationTest"/>
  <testcase name="testFuncInvokeWithString" time="0.000" classname="org.wso2.ballerina.core.model.FunctionInvocationTest"/>
</testsuite> <!-- org.wso2.ballerina.core.model.FunctionInvocationTest -->
