<?xml version="1.0" encoding="UTF-8"?>
<!-- Generated by org.testng.reporters.JUnitReportReporter -->
<testsuite hostname="localhost" name="org.wso2.ballerina.core.model.IfElseStmtTest" tests="2" failures="0" timestamp="7 Dec 2016 09:21:15 GMT" time="0.002" errors="0">
  <testcase name="testIfElseStmtElseBody" time="0.001" classname="org.wso2.ballerina.core.model.IfElseStmtTest"/>
  <testcase name="testIfElseStmtThenBody" time="0.001" classname="org.wso2.ballerina.core.model.IfElseStmtTest"/>
</testsuite> <!-- org.wso2.ballerina.core.model.IfElseStmtTest -->
